wifiaudio_linux_32bit: Fatal IO error 11 (Resource temporarily unavailable) on X server :0.
=======[ Output Device #1 ]=======
Description: Built-in Audio Analog Stereo
Name: alsa_output.pci-0000_00_1b.0.analog-stereo
Index: 0

=======[ Input Device #1 ]=======
Description: Monitor of Built-in Audio Analog Stereo
Name: alsa_output.pci-0000_00_1b.0.analog-stereo.monitor
Index: 0

=======[ Input Device #2 ]=======
Description: Built-in Audio Analog Stereo
Name: alsa_input.pci-0000_00_1b.0.analog-stereo
Index: 1

=======[ Input Device #1 ]=======
Name: record
Index: 0
Source: 0
App Name: wifi-audio
Found our source = 0

entry2 activated
entry1 activated alsa_output.pci-0000_00_1b.0.analog-stereo.monitor
Changing source 0 to alsa_output.pci-0000_00_1b.0.analog-stereo.monitor
Callback received success = 1
Done
=======[ Output Device #1 ]=======
Description: Built-in Audio Analog Stereo
Name: alsa_output.pci-0000_00_1b.0.analog-stereo
Index: 0

=======[ Input Device #1 ]=======
Description: Monitor of Built-in Audio Analog Stereo
Name: alsa_output.pci-0000_00_1b.0.analog-stereo.monitor
Index: 0

=======[ Input Device #2 ]=======
Description: Built-in Audio Analog Stereo
Name: alsa_input.pci-0000_00_1b.0.analog-stereo
Index: 1

=======[ Input Device #1 ]=======
Name: record
Index: 0
Source: 0
App Name: wifi-audio
Found our source = 0

=======[ Input Device #2 ]=======
Name: record
Index: 1
Source: 0
App Name: wifi-audio
Found our source = 1

entry2 activated
entry1 activated alsa_output.pci-0000_00_1b.0.analog-stereo.monitor
Changing source 1 to alsa_output.pci-0000_00_1b.0.analog-stereo.monitor
Callback received success = 1
Done
wifiaudio_linux_32bit: Fatal IO error 11 (Resource temporarily unavailable) on X server :0.
=======[ Output Device #1 ]=======
Description: Built-in Audio Analog Stereo
Name: alsa_output.pci-0000_00_1b.0.analog-stereo
Index: 0

=======[ Input Device #1 ]=======
Description: Monitor of Built-in Audio Analog Stereo
Name: alsa_output.pci-0000_00_1b.0.analog-stereo.monitor
Index: 0

=======[ Input Device #2 ]=======
Description: Built-in Audio Analog Stereo
Name: alsa_input.pci-0000_00_1b.0.analog-stereo
Index: 1

=======[ Input Device #1 ]=======
Name: record
Index: 2
Source: 0
App Name: wifi-audio
Found our source = 2

entry2 activated
entry1 activated alsa_output.pci-0000_00_1b.0.analog-stereo.monitor
Changing source 2 to alsa_output.pci-0000_00_1b.0.analog-stereo.monitor
Callback received success = 1
Done
wifiaudio_linux_32bit: Fatal IO error 11 (Resource temporarily unavailable) on X server :0.
=======[ Output Device #1 ]=======
Description: Built-in Audio Analog Stereo
Name: alsa_output.pci-0000_00_1b.0.analog-stereo
Index: 0

=======[ Input Device #1 ]=======
Description: Monitor of Built-in Audio Analog Stereo
Name: alsa_output.pci-0000_00_1b.0.analog-stereo.monitor
Index: 0

=======[ Input Device #2 ]=======
Description: Built-in Audio Analog Stereo
Name: alsa_input.pci-0000_00_1b.0.analog-stereo
Index: 1

=======[ Input Device #1 ]=======
Name: record
Index: 3
Source: 0
App Name: wifi-audio
Found our source = 3

entry2 activated
entry1 activated alsa_output.pci-0000_00_1b.0.analog-stereo.monitor
Changing source 3 to alsa_output.pci-0000_00_1b.0.analog-stereo.monitor
Callback received success = 1
Done
